package: name='com.salaryhijacking.mobile' versionCode='1' versionName='1.0.0' platformBuildVersionName='15' platformBuildVersionCode='35' compileSdkVersion='35' compileSdkVersionCodename='15'
sdkVersion:'24'
targetSdkVersion:'35'
uses-permission: name='android.permission.SYSTEM_ALERT_WINDOW'
uses-permission: name='android.permission.INTERNET'
uses-permission: name='android.permission.POST_NOTIFICATIONS'
uses-permission: name='android.permission.USE_BIOMETRIC'
uses-permission: name='android.permission.USE_FINGERPRINT'
uses-permission: name='android.permission.VIBRATE'
uses-permission: name='android.permission.ACCESS_NETWORK_STATE'
uses-permission: name='android.permission.ACCESS_WIFI_STATE'
uses-permission: name='android.permission.RECEIVE_BOOT_COMPLETED'
uses-permission: name='android.permission.WAKE_LOCK'
uses-permission: name='com.google.android.c2dm.permission.RECEIVE'
uses-permission: name='com.salaryhijacking.mobile.DYNAMIC_RECEIVER_NOT_EXPORTED_PERMISSION'
uses-permission: name='com.google.android.finsky.permission.BIND_GET_INSTALL_REFERRER_SERVICE'
uses-permission: name='com.sec.android.provider.badge.permission.READ'
uses-permission: name='com.sec.android.provider.badge.permission.WRITE'
uses-permission: name='com.htc.launcher.permission.READ_SETTINGS'
uses-permission: name='com.htc.launcher.permission.UPDATE_SHORTCUT'
uses-permission: name='com.sonyericsson.home.permission.BROADCAST_BADGE'
uses-permission: name='com.sonymobile.home.permission.PROVIDER_INSERT_BADGE'
uses-permission: name='com.anddoes.launcher.permission.UPDATE_COUNT'
uses-permission: name='com.majeur.launcher.permission.UPDATE_BADGE'
uses-permission: name='com.huawei.android.launcher.permission.CHANGE_BADGE'
uses-permission: name='com.huawei.android.launcher.permission.READ_SETTINGS'
uses-permission: name='com.huawei.android.launcher.permission.WRITE_SETTINGS'
uses-permission: name='android.permission.READ_APP_BADGE'
uses-permission: name='com.oppo.launcher.permission.READ_SETTINGS'
uses-permission: name='com.oppo.launcher.permission.WRITE_SETTINGS'
uses-permission: name='me.everything.badger.permission.BADGE_COUNT_READ'
uses-permission: name='me.everything.badger.permission.BADGE_COUNT_WRITE'
application-label:'급여납치'
application-label-af:'급여납치'
application-label-am:'급여납치'
application-label-ar:'급여납치'
application-label-as:'급여납치'
application-label-az:'급여납치'
application-label-be:'급여납치'
application-label-bg:'급여납치'
application-label-bn:'급여납치'
application-label-bs:'급여납치'
application-label-ca:'급여납치'
application-label-cs:'급여납치'
application-label-da:'급여납치'
application-label-de:'급여납치'
application-label-el:'급여납치'
application-label-en-AU:'급여납치'
application-label-en-CA:'급여납치'
application-label-en-GB:'급여납치'
application-label-en-IN:'급여납치'
application-label-en-XC:'급여납치'
application-label-es:'급여납치'
application-label-es-419:'급여납치'
application-label-es-ES:'급여납치'
application-label-es-US:'급여납치'
application-label-et:'급여납치'
application-label-eu:'급여납치'
application-label-fa:'급여납치'
application-label-fi:'급여납치'
application-label-fr:'급여납치'
application-label-fr-CA:'급여납치'
application-label-gl:'급여납치'
application-label-gu:'급여납치'
application-label-hi:'급여납치'
application-label-hr:'급여납치'
application-label-hu:'급여납치'
application-label-hy:'급여납치'
application-label-in:'급여납치'
application-label-is:'급여납치'
application-label-it:'급여납치'
application-label-iw:'급여납치'
application-label-ja:'급여납치'
application-label-ka:'급여납치'
application-label-kk:'급여납치'
application-label-km:'급여납치'
application-label-kn:'급여납치'
application-label-ko:'급여납치'
application-label-ky:'급여납치'
application-label-lo:'급여납치'
application-label-lt:'급여납치'
application-label-lv:'급여납치'
application-label-mk:'급여납치'
application-label-ml:'급여납치'
application-label-mn:'급여납치'
application-label-mr:'급여납치'
application-label-ms:'급여납치'
application-label-my:'급여납치'
application-label-nb:'급여납치'
application-label-ne:'급여납치'
application-label-nl:'급여납치'
application-label-or:'급여납치'
application-label-pa:'급여납치'
application-label-pl:'급여납치'
application-label-pt:'급여납치'
application-label-pt-BR:'급여납치'
application-label-pt-PT:'급여납치'
application-label-ro:'급여납치'
application-label-ru:'급여납치'
application-label-si:'급여납치'
application-label-sk:'급여납치'
application-label-sl:'급여납치'
application-label-sq:'급여납치'
application-label-sr:'급여납치'
application-label-sr-Latn:'급여납치'
application-label-sv:'급여납치'
application-label-sw:'급여납치'
application-label-ta:'급여납치'
application-label-te:'급여납치'
application-label-th:'급여납치'
application-label-tl:'급여납치'
application-label-tr:'급여납치'
application-label-uk:'급여납치'
application-label-ur:'급여납치'
application-label-uz:'급여납치'
application-label-vi:'급여납치'
application-label-zh-CN:'급여납치'
application-label-zh-HK:'급여납치'
application-label-zh-TW:'급여납치'
application-label-zu:'급여납치'
application-icon-120:'res/mipmap-anydpi-v26/ic_launcher.xml'
application-icon-160:'res/mipmap-anydpi-v26/ic_launcher.xml'
application-icon-240:'res/mipmap-anydpi-v26/ic_launcher.xml'
application-icon-320:'res/mipmap-anydpi-v26/ic_launcher.xml'
application-icon-480:'res/mipmap-anydpi-v26/ic_launcher.xml'
application-icon-640:'res/mipmap-anydpi-v26/ic_launcher.xml'
application-icon-65534:'res/mipmap-anydpi-v26/ic_launcher.xml'
application: label='급여납치' icon='res/mipmap-anydpi-v26/ic_launcher.xml'
application-debuggable
launchable-activity: name='com.salaryhijacking.mobile.MainActivity'  label='' icon=''
feature-group: label=''
  uses-feature: name='android.hardware.faketouch'
  uses-implied-feature: name='android.hardware.faketouch' reason='default feature for all apps'
  uses-feature: name='android.hardware.screen.portrait'
  uses-implied-feature: name='android.hardware.screen.portrait' reason='one or more activities have specified a portrait orientation'
  uses-feature: name='android.hardware.wifi'
  uses-implied-feature: name='android.hardware.wifi' reason='requested android.permission.ACCESS_WIFI_STATE permission'
main
other-activities
other-receivers
other-services
supports-screens: 'small' 'normal' 'large' 'xlarge'
supports-any-density: 'true'
locales: '--_--' 'af' 'am' 'ar' 'as' 'az' 'be' 'bg' 'bn' 'bs' 'ca' 'cs' 'da' 'de' 'el' 'en-AU' 'en-CA' 'en-GB' 'en-IN' 'en-XC' 'es' 'es-419' 'es-ES' 'es-US' 'et' 'eu' 'fa' 'fi' 'fr' 'fr-CA' 'gl' 'gu' 'hi' 'hr' 'hu' 'hy' 'in' 'is' 'it' 'iw' 'ja' 'ka' 'kk' 'km' 'kn' 'ko' 'ky' 'lo' 'lt' 'lv' 'mk' 'ml' 'mn' 'mr' 'ms' 'my' 'nb' 'ne' 'nl' 'or' 'pa' 'pl' 'pt' 'pt-BR' 'pt-PT' 'ro' 'ru' 'si' 'sk' 'sl' 'sq' 'sr' 'sr-Latn' 'sv' 'sw' 'ta' 'te' 'th' 'tl' 'tr' 'uk' 'ur' 'uz' 'vi' 'zh-CN' 'zh-HK' 'zh-TW' 'zu'
densities: '120' '160' '240' '320' '480' '640' '65534'
native-code: 'arm64-v8a'
